< 2017-04-30 04:58:50.750 MSK >СООБЩЕНИЕ:  система БД была выключена: 2017-04-30 04:58:12 MSK
< 2017-04-30 04:58:50.752 MSK >СООБЩЕНИЕ:  Защита от наложения мультитранзакций сейчас включена
< 2017-04-30 04:58:50.756 MSK >СООБЩЕНИЕ:  система БД готова принимать подключения
< 2017-04-30 04:58:50.760 MSK >СООБЩЕНИЕ:  процесс запуска автоочистки создан
< 2017-04-30 05:10:56.481 MSK >ВАЖНО:  база данных "bucardo" не существует
< 2017-04-30 05:11:04.849 MSK >ВАЖНО:  база данных "bucardo" не существует
< 2017-04-30 05:12:27.155 MSK >ВАЖНО:  база данных "freeswitchdb" не существует
< 2017-04-30 05:12:52.267 MSK >ВАЖНО:  база данных "freeswitchdb" не существует
< 2017-04-30 05:12:54.280 MSK >ВАЖНО:  база данных "freeswitchdb" не существует
< 2017-04-30 05:13:55.562 MSK >ВАЖНО:  база данных "freeswitchdb" не существует
< 2017-04-30 05:14:55.020 MSK >ОШИБКА:  роль "bucardo" уже существует
< 2017-04-30 05:14:55.020 MSK >ОПЕРАТОР:  CREATE USER bucardo SUPERUSER;
< 2017-04-30 05:14:56.247 MSK >ОШИБКА:  язык "plpgsql" уже существует
< 2017-04-30 05:14:56.247 MSK >ОПЕРАТОР:  CREATE LANGUAGE plpgsql;
< 2017-04-30 05:24:21.314 MSK >СООБЩЕНИЕ:  получен SIGHUP, файлы конфигурации перезагружаются
< 2017-04-30 05:24:22.737 MSK >СООБЩЕНИЕ:  получен SIGHUP, файлы конфигурации перезагружаются
< 2017-04-30 05:24:30.850 MSK >СООБЩЕНИЕ:  получен SIGHUP, файлы конфигурации перезагружаются
< 2017-04-30 05:24:30.939 MSK >СООБЩЕНИЕ:  получен SIGHUP, файлы конфигурации перезагружаются
< 2017-04-30 05:24:38.241 MSK >СООБЩЕНИЕ:  получен SIGHUP, файлы конфигурации перезагружаются
< 2017-04-30 05:24:59.721 MSK >СООБЩЕНИЕ:  получен запрос на быстрое выключение
< 2017-04-30 05:24:59.721 MSK >СООБЩЕНИЕ:  прерывание всех активных транзакций
< 2017-04-30 05:24:59.925 MSK >СООБЩЕНИЕ:  процесс запуска автоочистки завершается
< 2017-04-30 05:25:00.136 MSK >ВАЖНО:  закрытие подключения по команде администратора
< 2017-04-30 05:25:00.964 MSK >СООБЩЕНИЕ:  выключение
< 2017-04-30 05:25:01.266 MSK >СООБЩЕНИЕ:  система БД выключена
< 2017-04-30 05:25:09.181 MSK >ВАЖНО:  система баз данных запускается
< 2017-04-30 05:25:09.287 MSK >СООБЩЕНИЕ:  система БД была выключена: 2017-04-30 05:25:01 MSK
< 2017-04-30 05:25:09.452 MSK >СООБЩЕНИЕ:  Защита от наложения мультитранзакций сейчас включена
< 2017-04-30 05:25:09.455 MSK >СООБЩЕНИЕ:  система БД готова принимать подключения
< 2017-04-30 05:25:09.456 MSK >СООБЩЕНИЕ:  процесс запуска автоочистки создан
< 2017-04-30 05:31:33.880 MSK >ОШИБКА:  ошибка синтаксиса (примерное положение: "‘bucardo") (символ 34)
< 2017-04-30 05:31:33.880 MSK >ОПЕРАТОР:  ALTER USER bucardo WITH PASSWORD ‘bucardo-password
	ALTER USER bucardo WITH PASSWORD ‘bucardo-password‘;
< 2017-04-30 05:31:44.064 MSK >ОШИБКА:  ошибка синтаксиса (примерное положение: "‘bucardo") (символ 34)
< 2017-04-30 05:31:44.064 MSK >ОПЕРАТОР:  ALTER USER bucardo WITH PASSWORD ‘bucardo-password
	ALTER USER bucardo WITH PASSWORD ‘bucardo-password‘;
< 2017-04-30 05:31:50.651 MSK >ОШИБКА:  ошибка синтаксиса (примерное положение: "‘bucardo") (символ 34)
< 2017-04-30 05:31:50.651 MSK >ОПЕРАТОР:  ALTER USER bucardo WITH PASSWORD ‘bucardo-password
	ALTER USER bucardo WITH PASSWORD ‘bucardo-password‘;
< 2017-04-30 05:32:03.719 MSK >ОШИБКА:  ошибка синтаксиса (примерное положение: "‘postgres‘") (символ 34)
< 2017-04-30 05:32:03.719 MSK >ОПЕРАТОР:  ALTER USER bucardo WITH PASSWORD ‘postgres‘;
< 2017-04-30 05:55:46.324 MSK >СООБЩЕНИЕ:  неожиданный обрыв соединения с клиентом при открытой транзакции
< 2017-04-30 05:56:36.027 MSK >СООБЩЕНИЕ:  неожиданный обрыв соединения с клиентом при открытой транзакции
< 2017-04-30 05:57:02.142 MSK >СООБЩЕНИЕ:  не удалось послать данные клиенту: Обрыв канала
< 2017-04-30 05:57:02.142 MSK >ВАЖНО:  подключение к клиенту потеряно
< 2017-04-30 06:04:00.423 MSK >СООБЩЕНИЕ:  Starting validate_sync for freeswitchdb_sync
< 2017-04-30 06:04:00.423 MSK >КОНТЕКСТ:  функция PL/Perl "validate_sync"
	SQL-оператор: "SELECT validate_sync('freeswitchdb_sync')"
	функция PL/Perl "validate_sync"
< 2017-04-30 06:04:00.429 MSK >ОПЕРАТОР:  INSERT INTO bucardo.sync (herd,name,dbs) VALUES ($1,$2,$3)
< 2017-04-30 06:04:08.215 MSK >СООБЩЕНИЕ:  Ending validate_sync for freeswitchdb_sync
< 2017-04-30 06:04:08.215 MSK >КОНТЕКСТ:  функция PL/Perl "validate_sync"
	SQL-оператор: "SELECT validate_sync('freeswitchdb_sync')"
	функция PL/Perl "validate_sync"
< 2017-04-30 06:04:08.215 MSK >ОПЕРАТОР:  INSERT INTO bucardo.sync (herd,name,dbs) VALUES ($1,$2,$3)
< 2017-04-30 06:04:58.306 MSK >СООБЩЕНИЕ:  Starting validate_sync for freeswitchdb_sync
< 2017-04-30 06:04:58.306 MSK >КОНТЕКСТ:  функция PL/Perl "validate_sync"
< 2017-04-30 06:04:58.306 MSK >ОПЕРАТОР:  SELECT validate_sync('freeswitchdb_sync')
< 2017-04-30 06:04:58.684 MSK >СООБЩЕНИЕ:  Ending validate_sync for freeswitchdb_sync
< 2017-04-30 06:04:58.685 MSK >КОНТЕКСТ:  функция PL/Perl "validate_sync"
< 2017-04-30 06:04:58.685 MSK >ОПЕРАТОР:  SELECT validate_sync('freeswitchdb_sync')
