Файлы, относящиеся к этой СУБД, будут принадлежать пользователю "postgres".
От его имени также будет запускаться процесс сервера.

Кластер баз данных будет инициализирован с локалью "ru_RU.UTF-8".
Кодировка БД по умолчанию, выбранная в соответствии с настройками: "UTF8".
Выбрана конфигурация текстового поиска по умолчанию "russian".

исправление прав для существующего каталога /var/lib/pgsql/data... ок
создание подкаталогов... ок
выбирается значение max_connections... 100
выбирается значение shared_buffers... 32MB
создание конфигурационных файлов... ок
создание базы template1 в /var/lib/pgsql/data/base/1... ок
инициализация pg_authid... ок
инициализация зависимостей... ок
создание системных представлений... ок
загрузка описаний системных объектов... ок
создание правил сортировки... ок
создание преобразований... ок
создание словарей... ок
установка прав для встроенных объектов... ок
создание информационной схемы... ок
загрузка серверного языка PL/pgSQL... ок
очистка базы данных template1... ок
копирование template1 в template0... ок
копирование template1 в postgres... ок

Готово. Теперь вы можете запустить сервер баз данных:

    /usr/bin/postgres -D /var/lib/pgsql/data
или
    /usr/bin/pg_ctl -D /var/lib/pgsql/data -l logfile start

